<?xml version="1.0" encoding="UTF-8"?>
<!-- Generated by org.testng.reporters.JUnitXMLReporter -->
<testsuite ignored="0" hostname="Sachins-MacBook-Air.local" failures="0" tests="3" name="Default test" time="7.929" errors="0" timestamp="2025-06-20T00:29:31 IST">
  <testcase classname="TestNg.paramtestng" name="testlogo" time="0.024"/>
  <testcase classname="TestNg.paramtestng" name="testtitle" time="0.005"/>
  <testcase classname="TestNg.paramtestng" name="testurl" time="0.006"/>
</testsuite> <!-- Default test -->
