<?xml version="1.0" encoding="UTF-8"?>
<!-- Generated by org.testng.reporters.JUnitXMLReporter -->
<testsuite ignored="0" hostname="Sachins-MacBook-Air.local" failures="0" tests="3" name="safariTest" time="10.783" errors="0" timestamp="2025-06-20T01:08:34 IST">
  <testcase classname="TestNg.paramtestng" name="testlogo" time="0.0">
    <skipped/>
  </testcase> <!-- testlogo -->
  <testcase classname="TestNg.paramtestng" name="testtitle" time="0.0">
    <skipped/>
  </testcase> <!-- testtitle -->
  <testcase classname="TestNg.paramtestng" name="testurl" time="0.0">
    <skipped/>
  </testcase> <!-- testurl -->
</testsuite> <!-- safariTest -->
