<?xml version="1.0" encoding="UTF-8"?>
<!-- Generated by org.testng.reporters.JUnitXMLReporter -->
<testsuite ignored="0" hostname="Sachins-MacBook-Air.local" failures="0" tests="3" name="Test" time="18.337" errors="0" timestamp="2025-06-20T01:00:50 IST">
  <testcase classname="TestNg.paramtestng" name="testlogo" time="0.029"/>
  <testcase classname="TestNg.paramtestng" name="testtitle" time="0.005"/>
  <testcase classname="TestNg.paramtestng" name="testurl" time="0.005"/>
</testsuite> <!-- Test -->
